<?xml version="1.0" encoding="UTF-8"?>
<!-- Generated by org.testng.reporters.JUnitReportReporter -->
<testsuite hostname="LAPTOP-04B1LE1H" failures="1" tests="3" name="com.nopcommerce.demo.runner.RunCuke" time="18.240" errors="0" timestamp="2023-09-10T15:20:47 BST" skipped="0">
  <testcase classname="com.nopcommerce.demo.runner.RunCuke" name="runScenario" time="7.899"/>
  <system-out/>
  <testcase classname="com.nopcommerce.demo.runner.RunCuke" name="runScenario" time="4.598">
    <failure message="Login page not displayed expected [Welcome, Please Sign In] but found [Welcome, Please Sign In!]" type="java.lang.AssertionError">
      <![CDATA[java.lang.AssertionError: Login page not displayed expected [Welcome, Please Sign In] but found [Welcome, Please Sign In!]
at org.testng.Assert.fail(Assert.java:110)
at org.testng.Assert.failNotEquals(Assert.java:1577)
at org.testng.Assert.assertEqualsImpl(Assert.java:149)
at org.testng.Assert.assertEquals(Assert.java:131)
at org.testng.Assert.assertEquals(Assert.java:655)
at com.nopcommerce.demo.steps.LoginSteps.iShouldNavigateToLoginPageSuccessfully(LoginSteps.java:33)
at âœ½.I should navigate to login page successfully(file:///C:/Users/jayen/PrimeTesting/PrimeBatch_102/cucumber-8-series-testng/src/test/resources/features/login.feature:11)
]]>
    </failure>
  </testcase> <!-- runScenario -->
  <system-out/>
  <testcase classname="com.nopcommerce.demo.runner.RunCuke" name="runScenario" time="5.743"/>
  <system-out/>
</testsuite> <!-- com.nopcommerce.demo.runner.RunCuke -->
